c:\my_git\github\splash\src\splashproject\splashproject\debug\vc120.pdb
c:\my_git\github\splash\src\splashproject\splashproject\debug\vc120.idb
c:\my_git\github\splash\src\splashproject\splashproject\debug\cube.obj
c:\my_git\github\splash\src\splashproject\splashproject\debug\cylinder.obj
c:\my_git\github\splash\src\splashproject\splashproject\debug\ellipsoid.obj
c:\my_git\github\splash\src\splashproject\splashproject\debug\line3d.obj
c:\my_git\github\splash\src\splashproject\splashproject\debug\plane.obj
c:\my_git\github\splash\src\splashproject\splashproject\debug\point3d.obj
c:\my_git\github\splash\src\splashproject\splashproject\debug\polyhedron.obj
c:\my_git\github\splash\src\splashproject\splashproject\debug\ray3d.obj
c:\my_git\github\splash\src\splashproject\splashproject\debug\segment3d.obj
c:\my_git\github\splash\src\splashproject\splashproject\debug\shape3d.obj
c:\my_git\github\splash\src\splashproject\splashproject\debug\sphere.obj
c:\my_git\github\splash\src\splashproject\splashproject\debug\vector3d.obj
c:\my_git\github\splash\src\splashproject\splashproject\debug\bstree.obj
c:\my_git\github\splash\src\splashproject\splashproject\debug\splash_utils.obj
c:\my_git\github\splash\src\splashproject\splashproject\debug\circle.obj
c:\my_git\github\splash\src\splashproject\splashproject\debug\ellipse.obj
c:\my_git\github\splash\src\splashproject\splashproject\debug\event.obj
c:\my_git\github\splash\src\splashproject\splashproject\debug\line2d.obj
c:\my_git\github\splash\src\splashproject\splashproject\debug\point2d.obj
c:\my_git\github\splash\src\splashproject\splashproject\debug\ray2d.obj
c:\my_git\github\splash\src\splashproject\splashproject\debug\segment2d.obj
c:\my_git\github\splash\src\splashproject\splashproject\debug\shape2d.obj
c:\my_git\github\splash\src\splashproject\splashproject\debug\square.obj
c:\my_git\github\splash\src\splashproject\splashproject\debug\splashproject.tlog\cl.command.1.tlog
c:\my_git\github\splash\src\splashproject\splashproject\debug\splashproject.tlog\cl.read.1.tlog
c:\my_git\github\splash\src\splashproject\splashproject\debug\splashproject.tlog\cl.write.1.tlog
